2021-06-02-17-09-39 Process INFO err
2021-06-08-15-47-17 Process WARNING Traceback (most recent call last):
  File "/home/y123/work_space/black-broadcast-back-end/big_screen/apps/con_brocast/views.py", line 60, in get
    paginator = Paginator(result, limit)
  File "/home/y123/.virtualenvs/meiduo/lib/python3.5/site-packages/django/core/paginator.py", line 32, in __init__
    self.per_page = int(per_page)
TypeError: int() argument must be a string, a bytes-like object or a number, not 'NoneType'

2021-06-16-17-41-57 Process WARNING 865267027443216
2021-06-16-17-41-57 Process WARNING 865267027443216
2021-06-16-17-41-57 Process WARNING 865267027443216
2021-06-16-17-41-59 Process WARNING 865267027443216
2021-06-16-17-41-59 Process WARNING 865267027443216
2021-06-16-17-42-02 Process WARNING 865267027443216
2021-06-16-17-42-02 Process WARNING 865267027443216
2021-06-16-17-42-02 Process WARNING 865267027443216
2021-06-16-17-42-05 Process WARNING 865267027443216
2021-06-16-17-42-59 record INFO 945_20210616.174255_116.305425-40.045871_562_0_50_1.ogg
2021-06-16-17-42-59 record WARNING 音频文件保存失败
2021-06-16-17-43-12 record INFO 945_20210616.174302_116.305425-40.045871_4964_1_50_1.ogg
2021-06-16-17-43-12 record WARNING 音频文件保存失败
2021-06-16-17-46-05 record INFO 945_20210616.174601_116.305425-40.045871_1383_0_50_1.ogg
2021-06-16-17-46-05 record WARNING 音频文件保存失败
2021-06-16-17-46-46 record INFO 945_20210616.174642_116.305425-40.045871_834_0_50_1.ogg
2021-06-16-17-46-46 record WARNING 音频文件保存失败
2021-06-16-17-47-09 record INFO 945_20210616.174706_116.305425-40.045871_628_0_50_1.ogg
2021-06-16-17-47-29 record INFO 945_20210616.174721_116.305425-40.045871_5232_0_50_1.ogg
2021-06-16-17-58-45 record INFO 876_20210616.175842_116.305425-40.045871_696_0_50_1.ogg
2021-06-16-17-58-55 record INFO 945_20210616.175852_116.305425-40.045871_735_0_50_1.ogg
2021-06-16-17-59-26 record INFO 915_20210616.175922_116.305425-40.045871_1893_0_50_1.ogg
2021-06-16-18-06-20 record INFO 1066_20210616.180613_116.305425-40.045871_4990_0_50_0.ogg
2021-06-16-18-06-25 record INFO 974_20210616.180619_116.305425-40.045871_4992_0_50_0.ogg
2021-06-16-18-08-31 record INFO 996_20210616.180824_116.305486-40.046271_5003_0_50_0.ogg
2021-06-16-18-11-31 record INFO 974_20210616.181124_116.305486-40.046271_4984_0_50_0.ogg
2021-06-16-19-06-07 mobile WARNING Traceback (most recent call last):
  File "/home/y123/work_space/black-broadcast-back-end/big_screen/apps/mobile/views.py", line 571, in post
    print(ret)
OSError: [Errno 5] Input/output error

